2021-08-06 16:41:38,967 INFO  StartupInfoLogger:55 - [] Starting SpringLoggingApplication using Java 15.0.2 on BLR-P7112792LP with PID 14852 (D:\Before Project Ness-EDC\spring-logging\target\classes started by P7112792 in D:\Before Project Ness-EDC\spring-logging)
2021-08-06 16:41:38,968 INFO  SpringApplication:659 - [] No active profile set, falling back to default profiles: default
2021-08-06 16:41:39,171 INFO  RepositoryConfigurationDelegate:132 - [] Bootstrapping Spring Data JPA repositories in DEFAULT mode.
2021-08-06 16:41:39,173 INFO  RepositoryConfigurationDelegate:201 - [] Finished Spring Data repository scanning in 1 ms. Found 0 JPA repository interfaces.
2021-08-06 16:41:39,281 INFO  TomcatWebServer:108 - [] Tomcat initialized with port(s): 8000 (http)
2021-08-06 16:41:39,283 INFO  DirectJDKLog:173 - [] Starting service [Tomcat]
2021-08-06 16:41:39,286 INFO  DirectJDKLog:173 - [] Starting Servlet engine: [Apache Tomcat/9.0.50]
2021-08-06 16:41:39,346 INFO  DirectJDKLog:173 - [] Initializing Spring embedded WebApplicationContext
2021-08-06 16:41:39,346 INFO  ServletWebServerApplicationContext:290 - [] Root WebApplicationContext: initialization completed in 372 ms
2021-08-06 16:41:39,358 INFO  HikariDataSource:110 - [] HikariPool-6 - Starting...
2021-08-06 16:41:39,362 INFO  HikariDataSource:123 - [] HikariPool-6 - Start completed.
2021-08-06 16:41:39,363 INFO  H2ConsoleAutoConfiguration:68 - [] H2 console available at '/h2-console'. Database available at 'jdbc:h2:mem:1f8f60a1-3b1c-48bf-82bd-6b39bc219cbe'
2021-08-06 16:41:39,392 INFO  LogHelper:31 - [] HHH000204: Processing PersistenceUnitInfo [name: default]
2021-08-06 16:41:39,401 INFO  Dialect:175 - [] HHH000400: Using dialect: org.hibernate.dialect.H2Dialect
2021-08-06 16:41:39,418 INFO  JtaPlatformInitiator:52 - [] HHH000490: Using JtaPlatform implementation: [org.hibernate.engine.transaction.jta.platform.internal.NoJtaPlatform]
2021-08-06 16:41:39,419 INFO  AbstractEntityManagerFactoryBean:437 - [] Initialized JPA EntityManagerFactory for persistence unit 'default'
2021-08-06 16:41:39,447 WARN  JpaBaseConfiguration$JpaWebConfiguration:219 - [] spring.jpa.open-in-view is enabled by default. Therefore, database queries may be performed during view rendering. Explicitly configure spring.jpa.open-in-view to disable this warning
2021-08-06 16:41:39,561 INFO  OptionalLiveReloadServer:58 - [] LiveReload server is running on port 35729
2021-08-06 16:41:39,575 INFO  TomcatWebServer:220 - [] Tomcat started on port(s): 8000 (http) with context path ''
2021-08-06 16:41:39,579 INFO  StartupInfoLogger:61 - [] Started SpringLoggingApplication in 0.697 seconds (JVM running for 552.457)
2021-08-06 16:41:39,581 INFO  ConditionEvaluationDeltaLoggingListener:63 - [] Condition evaluation unchanged
2021-08-06 16:41:56,052 INFO  StartupInfoLogger:55 - [] Starting SpringLoggingApplication using Java 15.0.2 on BLR-P7112792LP with PID 15864 (D:\Before Project Ness-EDC\spring-logging\target\classes started by P7112792 in D:\Before Project Ness-EDC\spring-logging)
2021-08-06 16:41:56,058 INFO  SpringApplication:659 - [] No active profile set, falling back to default profiles: default
2021-08-06 16:41:56,207 INFO  DeferredLog:255 - [] Devtools property defaults active! Set 'spring.devtools.add-properties' to 'false' to disable
2021-08-06 16:41:56,209 INFO  DeferredLog:255 - [] For additional web related logging consider setting the 'logging.level.web' property to 'DEBUG'
2021-08-06 16:41:58,257 INFO  RepositoryConfigurationDelegate:132 - [] Bootstrapping Spring Data JPA repositories in DEFAULT mode.
2021-08-06 16:41:58,295 INFO  RepositoryConfigurationDelegate:201 - [] Finished Spring Data repository scanning in 13 ms. Found 0 JPA repository interfaces.
2021-08-06 16:41:59,848 INFO  TomcatWebServer:108 - [] Tomcat initialized with port(s): 8000 (http)
2021-08-06 16:41:59,874 INFO  DirectJDKLog:173 - [] Starting service [Tomcat]
2021-08-06 16:41:59,875 INFO  DirectJDKLog:173 - [] Starting Servlet engine: [Apache Tomcat/9.0.50]
2021-08-06 16:42:00,243 INFO  DirectJDKLog:173 - [] Initializing Spring embedded WebApplicationContext
2021-08-06 16:42:00,244 INFO  ServletWebServerApplicationContext:290 - [] Root WebApplicationContext: initialization completed in 4033 ms
2021-08-06 16:42:00,332 INFO  HikariDataSource:110 - [] HikariPool-1 - Starting...
2021-08-06 16:42:00,753 INFO  HikariDataSource:123 - [] HikariPool-1 - Start completed.
2021-08-06 16:42:00,762 INFO  H2ConsoleAutoConfiguration:68 - [] H2 console available at '/h2-console'. Database available at 'jdbc:h2:mem:173325f1-dd6a-49ca-a745-a902d9e38808'
2021-08-06 16:42:01,418 INFO  LogHelper:31 - [] HHH000204: Processing PersistenceUnitInfo [name: default]
2021-08-06 16:42:01,519 INFO  Version:44 - [] HHH000412: Hibernate ORM core version 5.4.32.Final
2021-08-06 16:42:01,823 INFO  JavaReflectionManager:56 - [] HCANN000001: Hibernate Commons Annotations {5.1.2.Final}
2021-08-06 16:42:02,186 INFO  Dialect:175 - [] HHH000400: Using dialect: org.hibernate.dialect.H2Dialect
2021-08-06 16:42:02,630 INFO  JtaPlatformInitiator:52 - [] HHH000490: Using JtaPlatform implementation: [org.hibernate.engine.transaction.jta.platform.internal.NoJtaPlatform]
2021-08-06 16:42:02,655 INFO  AbstractEntityManagerFactoryBean:437 - [] Initialized JPA EntityManagerFactory for persistence unit 'default'
2021-08-06 16:42:02,754 WARN  JpaBaseConfiguration$JpaWebConfiguration:219 - [] spring.jpa.open-in-view is enabled by default. Therefore, database queries may be performed during view rendering. Explicitly configure spring.jpa.open-in-view to disable this warning
2021-08-06 16:42:03,291 INFO  OptionalLiveReloadServer:58 - [] LiveReload server is running on port 35729
2021-08-06 16:42:03,403 INFO  TomcatWebServer:220 - [] Tomcat started on port(s): 8000 (http) with context path ''
2021-08-06 16:42:03,425 INFO  StartupInfoLogger:61 - [] Started SpringLoggingApplication in 8.285 seconds (JVM running for 9.596)
2021-08-06 16:42:19,844 INFO  DirectJDKLog:173 - [] Initializing Spring DispatcherServlet 'dispatcherServlet'
2021-08-06 16:42:19,845 INFO  FrameworkServlet:525 - [] Initializing Servlet 'dispatcherServlet'
2021-08-06 16:42:19,846 INFO  FrameworkServlet:547 - [] Completed initialization in 1 ms
2021-08-06 16:42:19,994 INFO  HomeController:16 - [] info log level
2021-08-06 16:42:19,995 WARN  HomeController:17 - [] warn log level
2021-08-06 16:42:19,996 ERROR HomeController:18 - [] error log level
2021-08-06 16:42:20,002 DEBUG HomeController:19 - [] debug log level
2021-08-06 16:42:20,002 TRACE HomeController:20 - [] trace log level
2021-08-06 16:42:23,816 INFO  HomeController:16 - [] info log level
2021-08-06 16:42:23,817 WARN  HomeController:17 - [] warn log level
2021-08-06 16:42:23,818 ERROR HomeController:18 - [] error log level
2021-08-06 16:42:23,819 DEBUG HomeController:19 - [] debug log level
2021-08-06 16:42:23,820 TRACE HomeController:20 - [] trace log level
2021-08-06 16:42:24,203 INFO  HomeController:16 - [] info log level
2021-08-06 16:42:24,204 WARN  HomeController:17 - [] warn log level
2021-08-06 16:42:24,204 ERROR HomeController:18 - [] error log level
2021-08-06 16:42:24,204 DEBUG HomeController:19 - [] debug log level
2021-08-06 16:42:24,205 TRACE HomeController:20 - [] trace log level
2021-08-06 16:42:24,871 INFO  HomeController:16 - [] info log level
2021-08-06 16:42:24,871 WARN  HomeController:17 - [] warn log level
2021-08-06 16:42:24,872 ERROR HomeController:18 - [] error log level
2021-08-06 16:42:24,872 DEBUG HomeController:19 - [] debug log level
2021-08-06 16:42:24,872 TRACE HomeController:20 - [] trace log level
2021-08-06 16:42:25,194 INFO  HomeController:16 - [] info log level
2021-08-06 16:42:25,195 WARN  HomeController:17 - [] warn log level
2021-08-06 16:42:25,195 ERROR HomeController:18 - [] error log level
2021-08-06 16:42:25,195 DEBUG HomeController:19 - [] debug log level
2021-08-06 16:42:25,196 TRACE HomeController:20 - [] trace log level
2021-08-06 17:08:31,596 INFO  AbstractEntityManagerFactoryBean:651 - [] Closing JPA EntityManagerFactory for persistence unit 'default'
2021-08-06 17:08:31,597 INFO  SchemaDropperImpl$DelayedDropActionImpl:526 - [] HHH000477: Starting delayed evictData of schema as part of SessionFactory shut-down'
2021-08-06 17:08:31,837 WARN  DisposableBeanAdapter:209 - [] Invocation of destroy method failed on bean with name 'inMemoryDatabaseShutdownExecutor': org.h2.jdbc.JdbcSQLNonTransientConnectionException: Database is already closed (to disable automatic closing at VM shutdown, add ";DB_CLOSE_ON_EXIT=FALSE" to the db URL) [90121-200]
2021-08-06 17:08:31,839 INFO  HikariDataSource:350 - [] HikariPool-1 - Shutdown initiated...
2021-08-06 17:08:31,879 INFO  HikariDataSource:352 - [] HikariPool-1 - Shutdown completed.
